Info: Read atom netlist
Info: Directory D:/Github_Repository/FPGA_01/board/fpgaxchange exists --if you continue the contents of the directory may be overwritten
Info: Generating FPGA Xchange file D:/Github_Repository/FPGA_01/board/fpgaxchange/MusicPlayer.fx
Info: Atom 7503 (col_raw[0]) has key 'output,3.3-V LVCMOS,2,Off,--,FAST,0,--,0,--,--'
Info: Atom 7505 (col_raw[1]) has key 'output,3.3-V LVCMOS,2,Off,--,FAST,0,--,0,--,--'
Info: Atom 7507 (col_raw[2]) has key 'output,3.3-V LVCMOS,2,Off,--,FAST,0,--,0,--,--'
Info: Atom 7509 (col_raw[3]) has key 'output,3.3-V LVCMOS,2,Off,--,FAST,0,--,0,--,--'
Info: Atom 7511 (led[0]) has key 'output,3.3-V LVTTL,8,Off,--,FAST,0,--,0,--,--'
Info: Atom 7513 (led[1]) has key 'output,3.3-V LVTTL,8,Off,--,FAST,0,--,0,--,--'
Info: Atom 7515 (led[2]) has key 'output,3.3-V LVTTL,8,Off,--,FAST,0,--,0,--,--'
Info: Atom 7517 (led[3]) has key 'output,3.3-V LVTTL,8,Off,--,FAST,0,--,0,--,--'
Info: Atom 7519 (out) has key 'output,3.3-V LVCMOS,2,Off,--,FAST,0,--,0,--,--'
Info: Atom 7521 (SH_CP) has key 'output,3.3-V LVCMOS,2,Off,--,FAST,0,--,0,--,--'
Info: Atom 7523 (ST_CP) has key 'output,3.3-V LVCMOS,2,Off,--,FAST,0,--,0,--,--'
Info: Atom 7525 (DS) has key 'output,3.3-V LVCMOS,2,Off,--,FAST,0,--,0,--,--'
Info: Atom 7527 (row[0]) has key 'input,3.3-V LVCMOS,--,--,Off,--,0,--,0,--,--'
Info: Atom 7529 (row[1]) has key 'input,3.3-V LVCMOS,--,--,Off,--,0,--,0,--,--'
Info: Atom 7531 (row[2]) has key 'input,3.3-V LVCMOS,--,--,Off,--,0,--,0,--,--'
Info: Atom 7533 (row[3]) has key 'input,3.3-V LVCMOS,--,--,Off,--,0,--,0,--,--'
Info: Atom 7535 (reset_n) has key 'input,3.3-V LVCMOS,--,--,Off,--,0,--,0,--,--'
Info: Atom 7537 (clk_raw) has key 'input,3.3-V LVCMOS,--,--,Off,--,0,--,0,--,--'
Info: Atom 7539 (iIR) has key 'input,3.3-V LVCMOS,--,--,Off,--,0,--,0,--,--'
Info: FPGA Xchange file D:/Github_Repository/FPGA_01/board/fpgaxchange/MusicPlayer.fx generated successfully
